PING onlinesim.io (178.248.237.139) 56(84) bytes of data.
64 bytes from 178.248.237.139: icmp_seq=1 ttl=53 time=14.2 ms

--- onlinesim.io ping statistics ---
1 packets transmitted, 1 received, 0% packet loss, time 0ms
rtt min/avg/max/mdev = 14.196/14.196/14.196/0.000 ms
Building TOR circuit
IP Address used:  107.189.11.80
Phone numbers printed to phone_list_output file.


Select a number and check SMS codes on https://onlinesim.ru/en


The phone numbers that have most recently been added are:

+33752125777 added 1 day, 18:23:41.677075 hours ago.
+79151012486 added 1 day, 19:40:41.677172 hours ago.
+353899562364 added 1 day, 19:41:01.677236 hours ago.
+77053798441 added 1 day, 19:41:03.677294 hours ago.
+380992632675 added 1 day, 19:41:06.677352 hours ago.
+4915175787994 added 1 day, 19:41:22.677410 hours ago.
+46736859504 added 1 day, 19:41:30.677465 hours ago.
+40736244517 added 1 day, 19:41:38.677519 hours ago.
+37128758960 added 2 days, 0:18:49.677574 hours ago.
+79998916302 added 2 days, 21:38:36.677630 hours ago.
+79151011587 added 2 days, 21:38:36.677684 hours ago.
+79673738660 added 2 days, 21:38:37.677738 hours ago.
+447466545759 added 2 days, 21:43:17.677791 hours ago.
+48459366151 added 2 days, 21:56:42.677845 hours ago.
+380982494736 added 4 days, 19:15:52.677898 hours ago.
+79651140288 added 4 days, 19:16:12.677951 hours ago.
+79655931794 added 4 days, 19:16:14.678004 hours ago.
+31684298634 added 7 days, 23:56:59.678057 hours ago.
+16173722140 added 10 days, 20:58:00.678110 hours ago.
+61480049521 added 11 days, 19:08:41.678164 hours ago.
+351923276285 added 11 days, 19:16:01.678218 hours ago.
+972523285456 added 11 days, 19:16:28.678271 hours ago.
+358466608731 added 16 days, 20:25:22.678324 hours ago.
+37254740238 added 17 days, 16:52:20.678377 hours ago.
+4759441514 added 24 days, 18:50:29.678430 hours ago.
+32460201822 added 24 days, 18:50:58.678483 hours ago.
+34631020656 added 24 days, 18:51:49.678537 hours ago.
Raspi flag is set.
Repeating in 10 minutes...
Building TOR circuit
IP Address used:  199.249.230.173
Phone numbers printed to phone_list_output file.


Select a number and check SMS codes on https://onlinesim.ru/en


The phone numbers that have most recently been added are:

+33752125777 added 1 day, 18:33:48.302344 hours ago.
+79151012486 added 1 day, 19:50:48.302456 hours ago.
+353899562364 added 1 day, 19:51:08.302533 hours ago.
+77053798441 added 1 day, 19:51:10.302603 hours ago.
+380992632675 added 1 day, 19:51:13.302672 hours ago.
+4915175787994 added 1 day, 19:51:29.302742 hours ago.
+46736859504 added 1 day, 19:51:37.302808 hours ago.
+40736244517 added 1 day, 19:51:45.302874 hours ago.
+37128758960 added 2 days, 0:28:56.302939 hours ago.
+79998916302 added 2 days, 21:48:43.303005 hours ago.
+79151011587 added 2 days, 21:48:43.303070 hours ago.
+79673738660 added 2 days, 21:48:44.303135 hours ago.
+447466545759 added 2 days, 21:53:24.303224 hours ago.
+48459366151 added 2 days, 22:06:49.303294 hours ago.
+380982494736 added 4 days, 19:25:59.303361 hours ago.
+79651140288 added 4 days, 19:26:19.303425 hours ago.
+79655931794 added 4 days, 19:26:21.303490 hours ago.
+31684298634 added 8 days, 0:07:06.303555 hours ago.
+16173722140 added 10 days, 21:08:07.303623 hours ago.
+61480049521 added 11 days, 19:18:48.303688 hours ago.
+351923276285 added 11 days, 19:26:08.303753 hours ago.
+972523285456 added 11 days, 19:26:35.303818 hours ago.
+358466608731 added 16 days, 20:35:29.303882 hours ago.
+37254740238 added 17 days, 17:02:27.303948 hours ago.
+4759441514 added 24 days, 19:00:36.304015 hours ago.
+32460201822 added 24 days, 19:01:05.304080 hours ago.
+34631020656 added 24 days, 19:01:56.304145 hours ago.
Raspi flag is set.
Repeating in 10 minutes...
Building TOR circuit
IP Address used:  104.244.76.13
Phone numbers printed to phone_list_output file.


Select a number and check SMS codes on https://onlinesim.ru/en


The phone numbers that have most recently been added are:

+33752125777 added 1 day, 18:43:54.606590 hours ago.
+79151012486 added 1 day, 20:00:54.606709 hours ago.
+353899562364 added 1 day, 20:01:14.606790 hours ago.
+77053798441 added 1 day, 20:01:16.606861 hours ago.
+380992632675 added 1 day, 20:01:19.606930 hours ago.
+4915175787994 added 1 day, 20:01:35.606999 hours ago.
+46736859504 added 1 day, 20:01:43.607065 hours ago.
+40736244517 added 1 day, 20:01:51.607131 hours ago.
+37128758960 added 2 days, 0:39:02.607239 hours ago.
+79998916302 added 2 days, 21:58:49.607317 hours ago.
+79151011587 added 2 days, 21:58:49.607384 hours ago.
+79673738660 added 2 days, 21:58:50.607450 hours ago.
+447466545759 added 2 days, 22:03:30.607516 hours ago.
+48459366151 added 2 days, 22:16:55.607581 hours ago.
+380982494736 added 4 days, 19:36:05.607647 hours ago.
+79651140288 added 4 days, 19:36:25.607712 hours ago.
+79655931794 added 4 days, 19:36:27.607777 hours ago.
+31684298634 added 8 days, 0:17:12.607843 hours ago.
+16173722140 added 10 days, 21:18:13.607908 hours ago.
+61480049521 added 11 days, 19:28:54.607974 hours ago.
+351923276285 added 11 days, 19:36:14.608039 hours ago.
+972523285456 added 11 days, 19:36:41.608103 hours ago.
+358466608731 added 16 days, 20:45:35.608167 hours ago.
+37254740238 added 17 days, 17:12:33.608231 hours ago.
+4759441514 added 24 days, 19:10:42.608296 hours ago.
+32460201822 added 24 days, 19:11:11.608360 hours ago.
+34631020656 added 24 days, 19:12:02.608425 hours ago.
Raspi flag is set.
Repeating in 10 minutes...
Building TOR circuit
IP Address used:  45.153.160.139
Phone numbers printed to phone_list_output file.


Select a number and check SMS codes on https://onlinesim.ru/en


The phone numbers that have most recently been added are:

+33752125777 added 1 day, 18:54:04.920984 hours ago.
+79151012486 added 1 day, 20:11:04.921099 hours ago.
+353899562364 added 1 day, 20:11:24.921174 hours ago.
+77053798441 added 1 day, 20:11:26.921242 hours ago.
+380992632675 added 1 day, 20:11:29.921307 hours ago.
+4915175787994 added 1 day, 20:11:45.921374 hours ago.
+46736859504 added 1 day, 20:11:53.921440 hours ago.
+40736244517 added 1 day, 20:12:01.921505 hours ago.
+37128758960 added 2 days, 0:49:12.921569 hours ago.
+79998916302 added 2 days, 22:08:59.921634 hours ago.
+79151011587 added 2 days, 22:08:59.921703 hours ago.
+79673738660 added 2 days, 22:09:00.921766 hours ago.
+447466545759 added 2 days, 22:13:40.921830 hours ago.
+48459366151 added 2 days, 22:27:05.921893 hours ago.
+380982494736 added 4 days, 19:46:15.921956 hours ago.
+79651140288 added 4 days, 19:46:35.922019 hours ago.
+79655931794 added 4 days, 19:46:37.922082 hours ago.
+31684298634 added 8 days, 0:27:22.922146 hours ago.
+16173722140 added 10 days, 21:28:23.922211 hours ago.
+61480049521 added 11 days, 19:39:04.922275 hours ago.
+351923276285 added 11 days, 19:46:24.922339 hours ago.
+972523285456 added 11 days, 19:46:51.922403 hours ago.
+358466608731 added 16 days, 20:55:45.922467 hours ago.
+37254740238 added 17 days, 17:22:43.922530 hours ago.
+4759441514 added 24 days, 19:20:52.922593 hours ago.
+32460201822 added 24 days, 19:21:21.922657 hours ago.
+34631020656 added 24 days, 19:22:12.922720 hours ago.
Raspi flag is set.
Repeating in 10 minutes...
Building TOR circuit
IP Address used:  199.249.230.187
Connection Error. onlinesim.io is not reachable. Please check your connection.
Traceback (most recent call last):
  File "scraper.py", line 167, in <module>
    loop.run_until_complete(main())
  File "/usr/lib/python3.8/asyncio/base_events.py", line 616, in run_until_complete
    return future.result()
  File "scraper.py", line 149, in main
    await asyncio.gather(*coroutines)
  File "scraper.py", line 109, in request
    return out_list
UnboundLocalError: local variable 'out_list' referenced before assignment
